2022/06/13 03:55:06 [emerg] 6584#8404: CreateFile() "C:\Users\Manu\Desktop\Full Stack Developer\Programación Backend\desafios\des-balancecarga\nginx-1.21.6/conf/nginx.conf" failed (1113: No hay ninguna asignación en la página de códigos de múltiples bytes de destino para el carácter Unicode)
2022/06/13 04:02:31 [emerg] 13520#14676: CreateFile() "C:\Users\Manu\Desktop\Full Stack Developer\Programación Backend\desafios\des-balancecarga\nginx-1.21.6/conf/nginx.conf" failed (1113: No hay ninguna asignación en la página de códigos de múltiples bytes de destino para el carácter Unicode)
2022/06/13 04:04:30 [emerg] 11728#2996: CreateFile() "C:\Users\Manu\Desktop\Full Stack Developer\Programación Backend\desafios\des-balancecarga\nginx-1.21.6/conf/nginx.conf" failed (1113: No hay ninguna asignación en la página de códigos de múltiples bytes de destino para el carácter Unicode)
2022/06/13 04:04:46 [emerg] 4696#12284: CreateFile() "C:\Users\Manu\Desktop\Full Stack Developer\Programación Backend\desafios\des-balancecarga\nginx-1.21.6/conf/nginx.conf" failed (1113: No hay ninguna asignación en la página de códigos de múltiples bytes de destino para el carácter Unicode)
2022/06/13 04:06:15 [emerg] 15000#12652: CreateFile() "C:\Users\Manu\Desktop\Full Stack Developer\Programación Backend\desafios\des-balancecarga\nginx-1.21.6/conf/nginx.conf" failed (1113: No hay ninguna asignación en la página de códigos de múltiples bytes de destino para el carácter Unicode)
2022/06/13 04:08:17 [emerg] 11944#1900: CreateFile() "C:\Users\Manu\Desktop\Full Stack Developer\Programación Backend\desafios\des-balancecarga\nginx-1.21.6/conf/nginx.conf" failed (1113: No hay ninguna asignación en la página de códigos de múltiples bytes de destino para el carácter Unicode)
2022/06/13 04:21:51 [emerg] 12252#3976: invalid host in upstream "127.0.0.1:8082/api/randoms" in C:\Users\Manu\Desktop\Full Stack Developer\Programacion Backend\desafios\des-balancecarga\nginx-1.21.6/conf/nginx.conf:9
2022/06/13 04:24:48 [emerg] 1704#13348: invalid host in upstream "127.0.0.1:8082/api/randoms" in C:\Users\Manu\Desktop\Full Stack Developer\Programacion Backend\desafios\des-balancecarga\nginx-1.21.6/conf/nginx.conf:9
2022/06/13 04:27:03 [notice] 11304#14000: signal process started
2022/06/13 04:27:03 [error] 11304#14000: CreateFile() "C:\Users\Manu\Desktop\Full Stack Developer\Programacion Backend\desafios\des-balancecarga\nginx-1.21.6/logs/nginx.pid" failed (2: El sistema no puede encontrar el archivo especificado)
2022/06/13 04:34:21 [emerg] 7272#11024: invalid parameter "weight=0" in C:\Users\Manu\Desktop\Full Stack Developer\Programacion Backend\desafios\des-balancecarga\nginx-1.21.6/conf/nginx.conf:9
2022/06/13 04:35:27 [notice] 14916#13108: signal process started
2022/06/13 04:35:27 [error] 14916#13108: CreateFile() "C:\Users\Manu\Desktop\Full Stack Developer\Programacion Backend\desafios\des-balancecarga\nginx-1.21.6/logs/nginx.pid" failed (2: El sistema no puede encontrar el archivo especificado)
2022/06/13 04:35:54 [notice] 12256#2204: signal process started
2022/06/13 04:35:54 [error] 12256#2204: invalid PID number "" in "C:\Users\Manu\Desktop\Full Stack Developer\Programacion Backend\desafios\des-balancecarga\nginx-1.21.6/logs/nginx.pid"
2022/06/13 04:38:45 [error] 8412#8616: *1 CreateFile() "C:\Users\Manu\Desktop\Full Stack Developer\Programacion Backend\desafios\des-balancecarga\nginx-1.21.6/html/favicon.ico" failed (2: El sistema no puede encontrar el archivo especificado), client: 127.0.0.1, server: nginx_node, request: "GET /favicon.ico HTTP/1.1", host: "localhost", referrer: "http://localhost/"
2022/06/13 04:40:14 [notice] 6280#2828: signal process started
2022/06/13 04:40:14 [error] 6280#2828: OpenEvent("Global\ngx_reload_9288") failed (5: Acceso denegado)
2022/06/13 04:41:04 [notice] 7764#9052: signal process started
2022/06/13 04:41:04 [error] 7764#9052: OpenEvent("Global\ngx_reload_9288") failed (5: Acceso denegado)
2022/06/13 04:41:25 [notice] 14060#10448: signal process started
2022/06/13 04:41:25 [error] 14060#10448: OpenEvent("Global\ngx_stop_9288") failed (5: Acceso denegado)
2022/06/13 04:41:30 [notice] 9516#4780: signal process started
2022/06/13 04:41:30 [error] 9516#4780: OpenEvent("Global\ngx_quit_9288") failed (5: Acceso denegado)
2022/06/13 04:45:29 [notice] 3560#11824: signal process started
2022/06/13 04:45:29 [error] 3560#11824: OpenEvent("Global\ngx_quit_9288") failed (5: Acceso denegado)
2022/06/13 04:47:11 [notice] 5140#13212: signal process started
2022/06/13 04:48:36 [notice] 13236#6220: signal process started
2022/06/13 04:50:16 [notice] 5940#14796: signal process started
